c:\users\захар\source\repos\3d_snake\3d_snake\x64\debug\vc142.pdb
c:\users\захар\source\repos\3d_snake\3d_snake\x64\debug\vc142.idb
c:\users\захар\source\repos\3d_snake\3d_snake\x64\debug\glad.obj
c:\users\захар\source\repos\3d_snake\3d_snake\x64\debug\window.obj
c:\users\захар\source\repos\3d_snake\3d_snake\x64\debug\events.obj
c:\users\захар\source\repos\3d_snake\3d_snake\x64\debug\3d_snake.obj
c:\users\захар\source\repos\3d_snake_opengl\3d_snake\x64\debug\vc142.pdb
c:\users\захар\source\repos\3d_snake_opengl\3d_snake\x64\debug\vc142.idb
c:\users\захар\source\repos\3d_snake_opengl\3d_snake\x64\debug\events.obj
c:\users\захар\source\repos\3d_snake\x64\debug\3d_snake.exe
c:\users\захар\source\repos\3d_snake\x64\debug\3d_snake.ilk
c:\users\захар\source\repos\3d_snake\x64\debug\3d_snake.pdb
c:\users\захар\source\repos\3d_snake_opengl\3d_snake\x64\debug\3d_snake.obj
c:\users\захар\source\repos\3d_snake_opengl\3d_snake\x64\debug\glad.obj
c:\users\захар\source\repos\3d_snake_opengl\3d_snake\x64\debug\window.obj
c:\users\захар\source\repos\3d_snake_opengl\x64\debug\3d_snake.pdb
c:\users\захар\source\repos\3d_snake_opengl\x64\debug\3d_snake.exe
c:\users\захар\source\repos\3d_snake_opengl\x64\debug\3d_snake.ilk
c:\users\захар\source\repos\3d_snake_opengl\3d_snake\x64\debug\3d_snake.tlog\cl.command.1.tlog
c:\users\захар\source\repos\3d_snake_opengl\3d_snake\x64\debug\3d_snake.tlog\cl.read.1.tlog
c:\users\захар\source\repos\3d_snake_opengl\3d_snake\x64\debug\3d_snake.tlog\cl.write.1.tlog
c:\users\захар\source\repos\3d_snake_opengl\3d_snake\x64\debug\3d_snake.tlog\link.command.1.tlog
c:\users\захар\source\repos\3d_snake_opengl\3d_snake\x64\debug\3d_snake.tlog\link.read.1.tlog
c:\users\захар\source\repos\3d_snake_opengl\3d_snake\x64\debug\3d_snake.tlog\link.write.1.tlog
